[2026-04-17 15:26:24 UTC] ══════════════════════════════════════════════════
[2026-04-17 15:26:24 UTC] 🤖 Bot v3 | action=scan | report=false
[2026-04-17 15:26:24 UTC] ══════════════════════════════════════════════════
[2026-04-17 15:26:24 UTC] 📡 Scan #1
[2026-04-17 15:26:24 UTC] 🌡 F&G=21 Regime=NEUTRAL Open=0
[2026-04-17 15:26:24 UTC] 🔎 Scanning 40 tokens...
[2026-04-17 15:26:30 UTC] ✅ Opened:0 Total open:0
[2026-04-17 15:26:30 UTC] [EMAIL ERR] Invalid login: 535-5.7.8 Username and Password not accepted. For more information, go to
535 5.7.8  https://support.google.com/mail/?p=BadCredentials 6a1803df08f44-8b02ac6f670sm16337326d6.14 - gsmtp
[2026-04-17 15:26:34 UTC] [TG] Bad Request: chat not found
[2026-04-17 15:26:34 UTC] 📧 6h report sent
[2026-04-17 15:26:34 UTC] 
📊 WR=0% PnL=$0.00 Trades=0
[2026-04-17 15:28:45 UTC] ══════════════════════════════════════════════════
[2026-04-17 15:28:45 UTC] 🤖 Bot v3 | action=scan | report=false
[2026-04-17 15:28:45 UTC] ══════════════════════════════════════════════════
[2026-04-17 15:28:45 UTC] 📡 Scan #2
[2026-04-17 15:28:45 UTC] 🌡 F&G=21 Regime=NEUTRAL Open=0
[2026-04-17 15:28:45 UTC] 🔎 Scanning 40 tokens...
[2026-04-17 15:28:51 UTC] ✅ Opened:0 Total open:0
[2026-04-17 15:28:51 UTC] 
📊 WR=0% PnL=$0.00 Trades=0
[2026-04-17 15:37:50 UTC] ══════════════════════════════════════════════════
[2026-04-17 15:37:50 UTC] 🤖 Bot v3 | action=scan | report=false
[2026-04-17 15:37:50 UTC] ══════════════════════════════════════════════════
[2026-04-17 15:37:50 UTC] 📡 Scan #3
[2026-04-17 15:37:51 UTC] 🌡 F&G=21 Regime=NEUTRAL Open=0
[2026-04-17 15:37:51 UTC] 🔎 Scanning 40 tokens...
[2026-04-17 15:37:57 UTC] ✅ Opened:0 Total open:0
[2026-04-17 15:37:57 UTC] 
📊 WR=0% PnL=$0.00 Trades=0
[2026-04-17 15:42:44 UTC] ══════════════════════════════════════════════════
[2026-04-17 15:42:44 UTC] 🤖 Bot v3 | action=scan | report=false
[2026-04-17 15:42:44 UTC] ══════════════════════════════════════════════════
[2026-04-17 15:42:44 UTC] 📡 Scan #4
[2026-04-17 15:42:45 UTC] 🌡 F&G=21 Regime=NEUTRAL Open=0
[2026-04-17 15:42:45 UTC] 🔎 Scanning 100 tokens...
[2026-04-17 15:42:52 UTC] ✅ Opened:0 Total open:0
[2026-04-17 15:42:52 UTC] 
📊 WR=0% PnL=$0.00 Trades=0
[2026-04-17 16:34:17 UTC] ══════════════════════════════════════════════════
[2026-04-17 16:34:17 UTC] 🤖 Bot v3 | action=scan | report=false
[2026-04-17 16:34:17 UTC] ══════════════════════════════════════════════════
[2026-04-17 16:34:17 UTC] 📡 Scan #5
[2026-04-17 16:34:18 UTC] 🌡 F&G=21 Regime=NEUTRAL Open=0
[2026-04-17 16:34:18 UTC] 🔎 Scanning 100 tokens...
[2026-04-17 16:34:25 UTC] ✅ Opened:0 Total open:0
[2026-04-17 16:34:25 UTC] 
📊 WR=0% PnL=$0.00 Trades=0
[2026-04-17 17:28:10 UTC] ══════════════════════════════════════════════════
[2026-04-17 17:28:10 UTC] 🤖 Bot v3 | action=scan | report=false
[2026-04-17 17:28:10 UTC] ══════════════════════════════════════════════════
[2026-04-17 17:28:10 UTC] 📡 Scan #6
[2026-04-17 17:28:11 UTC] 🌡 F&G=21 Regime=NEUTRAL Open=0
[2026-04-17 17:28:11 UTC] 🔎 Scanning 100 tokens...
[2026-04-17 17:28:17 UTC] ✅ Opened:0 Total open:0
[2026-04-17 17:28:17 UTC] 
📊 WR=0% PnL=$0.00 Trades=0
[2026-04-17 18:11:48 UTC] ══════════════════════════════════════════════════
[2026-04-17 18:11:48 UTC] 🤖 Bot v3 | action=scan | report=false
[2026-04-17 18:11:48 UTC] ══════════════════════════════════════════════════
[2026-04-17 18:11:49 UTC] 📡 Scan #7
[2026-04-17 18:11:49 UTC] 🌡 F&G=21 Regime=NEUTRAL Open=0
[2026-04-17 18:11:49 UTC] 🔎 Scanning 100 tokens...
[2026-04-17 18:11:55 UTC] ✅ Opened:0 Total open:0
[2026-04-17 18:11:55 UTC] 
📊 WR=0% PnL=$0.00 Trades=0
[2026-04-17 18:53:25 UTC] ══════════════════════════════════════════════════
[2026-04-17 18:53:25 UTC] 🤖 Bot v3 | action=scan | report=true
[2026-04-17 18:53:25 UTC] ══════════════════════════════════════════════════
[2026-04-17 18:53:25 UTC] 📡 Scan #8
[2026-04-17 18:53:26 UTC] 🌡 F&G=21 Regime=NEUTRAL Open=0
[2026-04-17 18:53:26 UTC] 🔎 Scanning 100 tokens...
[2026-04-17 18:53:32 UTC] ✅ Opened:0 Total open:0
[2026-04-17 18:53:33 UTC] [EMAIL ERR] Invalid login: 535-5.7.8 Username and Password not accepted. For more information, go to
535 5.7.8  https://support.google.com/mail/?p=BadCredentials 6a1803df08f44-8b02ae92fc8sm16586176d6.40 - gsmtp
[2026-04-17 18:53:33 UTC] 📧 6h report sent
[2026-04-17 18:53:33 UTC] 
📊 WR=0% PnL=$0.00 Trades=0
[2026-04-17 19:21:14 UTC] ══════════════════════════════════════════════════
[2026-04-17 19:21:14 UTC] 🤖 Bot v3 | action=scan | report=false
[2026-04-17 19:21:14 UTC] ══════════════════════════════════════════════════
[2026-04-17 19:21:15 UTC] 📡 Scan #9
[2026-04-17 19:21:16 UTC] 🌡 F&G=21 Regime=NEUTRAL Open=0
[2026-04-17 19:21:16 UTC] 🔎 Scanning 100 tokens...
[2026-04-17 19:21:23 UTC] ✅ Opened:0 Total open:0
[2026-04-17 19:21:23 UTC] 
📊 WR=0% PnL=$0.00 Trades=0
[2026-04-17 19:36:51 UTC] ════════════════════════════════════════════════════
[2026-04-17 19:36:51 UTC] 🤖 Bot v4 | action=scan | report=false
[2026-04-17 19:36:51 UTC] ════════════════════════════════════════════════════
[2026-04-17 19:36:51 UTC] 📡 Scan #10
[2026-04-17 19:36:51 UTC] 🌡 F&G=21 Regime=NEUTRAL Open=0
[2026-04-17 19:36:51 UTC] 🔎 Загружаю топ-100 с CoinGecko...
[2026-04-17 19:36:51 UTC] ✓ CoinGecko: 93 токенов
[2026-04-17 19:36:51 UTC]   ⏭ BTC: нет данных Binance
[2026-04-17 19:36:52 UTC]   ⏭ ETH: нет данных Binance
[2026-04-17 19:36:52 UTC]   ⏭ XRP: нет данных Binance
[2026-04-17 19:36:52 UTC]   ⏭ BNB: нет данных Binance
[2026-04-17 19:36:52 UTC]   ⏭ SOL: нет данных Binance
[2026-04-17 19:36:52 UTC]   ⏭ TRX: нет данных Binance
[2026-04-17 19:36:52 UTC]   ⏭ FIGR_HELOC: нет данных Binance
[2026-04-17 19:36:52 UTC]   ⏭ DOGE: нет данных Binance
[2026-04-17 19:36:52 UTC]   ⏭ WBT: нет данных Binance
[2026-04-17 19:36:52 UTC]   ⏭ HYPE: нет данных Binance
[2026-04-17 19:36:52 UTC]   ⏭ ADA: нет данных Binance
[2026-04-17 19:36:53 UTC]   ⏭ LEO: нет данных Binance
[2026-04-17 19:36:53 UTC]   ⏭ BCH: нет данных Binance
[2026-04-17 19:36:53 UTC]   ⏭ LINK: нет данных Binance
[2026-04-17 19:36:53 UTC]   ⏭ M: нет данных Binance
[2026-04-17 19:36:53 UTC]   ⏭ XMR: нет данных Binance
[2026-04-17 19:36:53 UTC]   ⏭ CC: нет данных Binance
[2026-04-17 19:36:53 UTC]   ⏭ XLM: нет данных Binance
[2026-04-17 19:36:53 UTC]   ⏭ ZEC: нет данных Binance
[2026-04-17 19:36:53 UTC]   ⏭ RAVE: нет данных Binance
[2026-04-17 19:36:54 UTC]   ⏭ LTC: нет данных Binance
[2026-04-17 19:36:54 UTC]   ⏭ AVAX: нет данных Binance
[2026-04-17 19:36:54 UTC]   ⏭ USD1: нет данных Binance
[2026-04-17 19:36:54 UTC]   ⏭ SUI: нет данных Binance
[2026-04-17 19:36:54 UTC]   ⏭ HBAR: нет данных Binance
[2026-04-17 19:36:54 UTC]   ⏭ RAIN: нет данных Binance
[2026-04-17 19:36:54 UTC]   ⏭ SHIB: нет данных Binance
[2026-04-17 19:36:54 UTC]   ⏭ TON: нет данных Binance
[2026-04-17 19:36:54 UTC]   ⏭ CRO: нет данных Binance
[2026-04-17 19:36:55 UTC]   ⏭ USYC: нет данных Binance
[2026-04-17 19:36:55 UTC]   ⏭ XAUT: нет данных Binance
[2026-04-17 19:36:55 UTC]   ⏭ WLFI: нет данных Binance
[2026-04-17 19:36:55 UTC]   ⏭ TAO: нет данных Binance
[2026-04-17 19:36:55 UTC]   ⏭ BUIDL: нет данных Binance
[2026-04-17 19:36:55 UTC]   ⏭ PAXG: нет данных Binance
[2026-04-17 19:36:55 UTC]   ⏭ USDG: нет данных Binance
[2026-04-17 19:36:55 UTC]   ⏭ DOT: нет данных Binance
[2026-04-17 19:36:55 UTC]   ⏭ MNT: нет данных Binance
[2026-04-17 19:36:56 UTC]   ⏭ UNI: нет данных Binance
[2026-04-17 19:36:56 UTC]   ⏭ NEAR: нет данных Binance
[2026-04-17 19:36:56 UTC]   ⏭ SKY: нет данных Binance
[2026-04-17 19:36:56 UTC]   ⏭ OKB: нет данных Binance
[2026-04-17 19:36:56 UTC]   ⏭ PI: нет данных Binance
[2026-04-17 19:36:56 UTC]   ⏭ USDF: нет данных Binance
[2026-04-17 19:36:56 UTC]   ⏭ AAVE: нет данных Binance
[2026-04-17 19:36:56 UTC]   ⏭ PEPE: нет данных Binance
[2026-04-17 19:36:56 UTC]   ⏭ ASTER: нет данных Binance
[2026-04-17 19:36:57 UTC]   ⏭ HTX: нет данных Binance
[2026-04-17 19:36:57 UTC]   ⏭ JTRSY: нет данных Binance
[2026-04-17 19:36:57 UTC]   ⏭ ICP: нет данных Binance
[2026-04-17 19:36:57 UTC]   ⏭ RLUSD: нет данных Binance
[2026-04-17 19:36:57 UTC]   ⏭ ETC: нет данных Binance
[2026-04-17 19:36:57 UTC]   ⏭ USDY: нет данных Binance
[2026-04-17 19:36:57 UTC]   ⏭ ONDO: нет данных Binance
[2026-04-17 19:36:57 UTC]   ⏭ BGB: нет данных Binance
[2026-04-17 19:36:57 UTC]   ⏭ BFUSD: нет данных Binance
[2026-04-17 19:36:57 UTC]   ⏭ PUMP: нет данных Binance
[2026-04-17 19:36:58 UTC]   ⏭ KCS: нет данных Binance
[2026-04-17 19:36:58 UTC]   ⏭ ENA: нет данных Binance
[2026-04-17 19:36:58 UTC]   ⏭ GT: нет данных Binance
[2026-04-17 19:36:58 UTC]   ⏭ QNT: нет данных Binance
[2026-04-17 19:36:58 UTC]   ⏭ MORPHO: нет данных Binance
[2026-04-17 19:36:58 UTC]   ⏭ EUTBL: нет данных Binance
[2026-04-17 19:36:58 UTC]   ⏭ ALGO: нет данных Binance
[2026-04-17 19:36:58 UTC]   ⏭ RENDER: нет данных Binance
[2026-04-17 19:36:58 UTC]   ⏭ KAS: нет данных Binance
[2026-04-17 19:36:59 UTC]   ⏭ U: нет данных Binance
[2026-04-17 19:36:59 UTC]   ⏭ POL: нет данных Binance
[2026-04-17 19:36:59 UTC]   ⏭ WLD: нет данных Binance
[2026-04-17 19:36:59 UTC]   ⏭ ATOM: нет данных Binance
[2026-04-17 19:36:59 UTC]   ⏭ NEXO: нет данных Binance
[2026-04-17 19:36:59 UTC]   ⏭ USDTB: нет данных Binance
[2026-04-17 19:36:59 UTC]   ⏭ USTB: нет данных Binance
[2026-04-17 19:36:59 UTC]   ⏭ APT: нет данных Binance
[2026-04-17 19:36:59 UTC]   ⏭ ARB: нет данных Binance
[2026-04-17 19:37:00 UTC]   ⏭ FIL: нет данных Binance
[2026-04-17 19:37:00 UTC]   ⏭ BCAP: нет данных Binance
[2026-04-17 19:37:00 UTC]   ⏭ FLR: нет данных Binance
[2026-04-17 19:37:00 UTC]   ⏭ TRUMP: нет данных Binance
[2026-04-17 19:37:00 UTC]   ⏭ JUP: нет данных Binance
[2026-04-17 19:37:00 UTC]   ⏭ VET: нет данных Binance
[2026-04-17 19:37:00 UTC]   ⏭ XDC: нет данных Binance
[2026-04-17 19:37:00 UTC]   ⏭ HASH: нет данных Binance
[2026-04-17 19:37:00 UTC]   ⏭ BDX: нет данных Binance
[2026-04-17 19:37:01 UTC]   ⏭ NIGHT: нет данных Binance
[2026-04-17 19:37:01 UTC]   ⏭ OUSG: нет данных Binance
[2026-04-17 19:37:01 UTC]   ⏭ GHO: нет данных Binance
[2026-04-17 19:37:01 UTC]   ⏭ JST: нет данных Binance
[2026-04-17 19:37:01 UTC]   ⏭ BONK: нет данных Binance
[2026-04-17 19:37:01 UTC]   ⏭ YLDS: нет данных Binance
[2026-04-17 19:37:01 UTC]   ⏭ STABLE: нет данных Binance
[2026-04-17 19:37:01 UTC]   ⏭ DEXE: нет данных Binance
[2026-04-17 19:37:01 UTC]   ⏭ USD0: нет данных Binance
[2026-04-17 19:37:02 UTC] ✅ Проверено: 93 токенов | Открыто: 0 | Всего открытых: 0
[2026-04-17 19:37:02 UTC] 
📊 ИТОГ: WR=0% PnL=$0.00 Trades=0
